<?xml version="1.0" encoding="UTF-8"?>
<!-- Generated by org.testng.reporters.JUnitReportReporter -->
<testsuite skipped="0" hostname="Sanjidas-MacBook-Pro.local" name="tests.DropDownTest" tests="1" failures="0" timestamp="11 Nov 2018 03:07:07 GMT" time="0.546" errors="0">
  <testcase name="test2" time="0.546" classname="tests.DropDownTest"/>
</testsuite> <!-- tests.DropDownTest -->
