<?xml version="1.0" encoding="UTF-8"?>
<!-- Generated by org.testng.reporters.JUnitReportReporter -->
<testsuite skipped="0" hostname="Sanjidas-MacBook-Pro.local" name="tests.Fb_Login_test1" tests="1" failures="0" timestamp="12 Nov 2018 05:51:40 GMT" time="2.054" errors="0">
  <testcase name="fblogintest" time="2.054" classname="tests.Fb_Login_test1"/>
</testsuite> <!-- tests.Fb_Login_test1 -->
