<?xml version="1.0" encoding="UTF-8"?>
<!-- Generated by org.testng.reporters.JUnitReportReporter -->
<testsuite skipped="0" hostname="Sanjidas-MacBook-Pro.local" name="test_groupDependsOn.GroupDependsOn2" tests="1" failures="0" timestamp="12 Nov 2018 07:09:15 GMT" time="0.016" errors="0">
  <testcase name="test" time="0.016" classname="test_groupDependsOn.GroupDependsOn2"/>
</testsuite> <!-- test_groupDependsOn.GroupDependsOn2 -->
