<?xml version="1.0" encoding="UTF-8"?>
<!-- Generated by org.testng.reporters.JUnitReportReporter -->
<testsuite skipped="0" hostname="Sanjidas-MacBook-Pro.local" name="tests.SoftAssert" tests="4" failures="0" timestamp="11 Nov 2018 07:57:37 GMT" time="0.037" errors="0">
  <testcase name="assertRightThere" time="0.030" classname="tests.SoftAssert"/>
  <testcase name="softassert" time="0.002" classname="tests.SoftAssert"/>
  <testcase name="tosee" time="0.001" classname="tests.SoftAssert"/>
  <testcase name="tryCatchTesting" time="0.004" classname="tests.SoftAssert"/>
</testsuite> <!-- tests.SoftAssert -->
