<?xml version="1.0" encoding="UTF-8"?>
<!-- Generated by org.testng.reporters.JUnitReportReporter -->
<testsuite hostname="Sanjidas-MBP.home" name="tests.GroupONConcep" tests="1" failures="0" timestamp="18 Nov 2018 17:05:49 GMT" time="0.000" errors="0">
  <testcase name="test2" time="0.000" classname="tests.GroupONConcep"/>
</testsuite> <!-- tests.GroupONConcep -->
