<?xml version="1.0" encoding="UTF-8"?>
<!-- Generated by org.testng.reporters.JUnitReportReporter -->
<testsuite skipped="0" hostname="Sanjidas-MacBook-Pro.local" name="tests.CreateAnNewFbAc" tests="4" failures="0" timestamp="11 Nov 2018 04:39:08 GMT" time="1.334" errors="0">
  <testcase name="createfbac" time="0.709" classname="tests.CreateAnNewFbAc"/>
  <testcase name="sighup" time="0.174" classname="tests.CreateAnNewFbAc"/>
  <testcase name="createfbac2" time="0.368" classname="tests.CreateAnNewFbAc"/>
  <testcase name="createfbac3" time="0.083" classname="tests.CreateAnNewFbAc"/>
</testsuite> <!-- tests.CreateAnNewFbAc -->
