<?xml version="1.0" encoding="UTF-8"?>
<!-- Generated by org.testng.reporters.JUnitReportReporter -->
<testsuite hostname="Sanjidas-MBP.home" name="test_groupDependsOn.GroupDependsOn" tests="2" failures="0" timestamp="18 Nov 2018 17:05:49 GMT" time="0.010" errors="0">
  <testcase name="test" time="0.001" classname="test_groupDependsOn.GroupDependsOn"/>
  <testcase name="test3" time="0.009" classname="test_groupDependsOn.GroupDependsOn"/>
</testsuite> <!-- test_groupDependsOn.GroupDependsOn -->
