<?xml version="1.0" encoding="UTF-8"?>
<!-- Generated by org.testng.reporters.JUnitReportReporter -->
<testsuite skipped="0" hostname="Sanjidas-MacBook-Pro.local" name="tests.ChoseRadioButton" tests="1" failures="0" timestamp="11 Nov 2018 03:40:40 GMT" time="0.280" errors="0">
  <testcase name="radiobutton" time="0.280" classname="tests.ChoseRadioButton"/>
</testsuite> <!-- tests.ChoseRadioButton -->
