<?xml version="1.0" encoding="UTF-8"?>
<!-- Generated by org.testng.reporters.JUnitReportReporter -->
<testsuite skipped="0" hostname="Sanjidas-MacBook-Pro.local" name="tests.GroupONConcep" tests="3" failures="0" timestamp="12 Nov 2018 07:34:50 GMT" time="0.010" errors="0">
  <testcase name="test2" time="0.004" classname="tests.GroupONConcep"/>
  <testcase name="test2" time="0.004" classname="tests.GroupONConcep"/>
  <testcase name="test1" time="0.002" classname="tests.GroupONConcep"/>
</testsuite> <!-- tests.GroupONConcep -->
