<?xml version="1.0" encoding="UTF-8"?>
<!-- Generated by org.testng.reporters.JUnitReportReporter -->
<testsuite skipped="0" hostname="Sanjidas-MacBook-Pro.local" name="tests.DependsOn" tests="4" failures="0" timestamp="11 Nov 2018 02:09:39 GMT" time="0.032" errors="0">
  <testcase name="fgc" time="0.001" classname="tests.DependsOn"/>
  <testcase name="abc" time="0.026" classname="tests.DependsOn"/>
  <testcase name="efg" time="0.002" classname="tests.DependsOn"/>
  <testcase name="ijk" time="0.003" classname="tests.DependsOn"/>
</testsuite> <!-- tests.DependsOn -->
