<?xml version="1.0" encoding="UTF-8"?>
<!-- Generated by org.testng.reporters.JUnitReportReporter -->
<testsuite skipped="0" hostname="Sanjidas-MacBook-Pro.local" name="tests.IframeTesting" tests="2" failures="0" timestamp="10 Nov 2018 19:07:09 GMT" time="1.112" errors="0">
  <testcase name="iframes" time="0.915" classname="tests.IframeTesting"/>
  <testcase name="iframe1" time="0.197" classname="tests.IframeTesting"/>
</testsuite> <!-- tests.IframeTesting -->
