<?xml version="1.0" encoding="UTF-8"?>
<!-- Generated by org.testng.reporters.JUnitReportReporter -->
<testsuite skipped="0" hostname="Sanjidas-MacBook-Pro.local" name="test_groupDependsOn.GroupDependsOn" tests="2" failures="0" timestamp="12 Nov 2018 07:34:50 GMT" time="0.036" errors="0">
  <testcase name="test3" time="0.035" classname="test_groupDependsOn.GroupDependsOn"/>
  <testcase name="test" time="0.001" classname="test_groupDependsOn.GroupDependsOn"/>
</testsuite> <!-- test_groupDependsOn.GroupDependsOn -->
